From 00fbe8921c78d25d81208fe5ae2e3426fa2fb314 Mon Sep 17 00:00:00 2001
From: Alden <aldencommando@icloud.com>
Date: Sat, 16 Mar 2019 20:06:06 -0400
Subject: [PATCH] cydia

---
 InterAppCommunication/cydia-e8cdd2f-2.patch | 18 ++++++++++++++++++
 InterAppCommunication/text-2.txt            | Bin 0 -> 193 bytes
 2 files changed, 18 insertions(+)
 create mode 100644 InterAppCommunication/cydia-e8cdd2f-2.patch
 create mode 100644 InterAppCommunication/text-2.txt

diff --git a/InterAppCommunication/cydia-e8cdd2f-2.patch b/InterAppCommunication/cydia-e8cdd2f-2.patch
new file mode 100644
index 0000000..fb1540b
--- /dev/null
+++ b/InterAppCommunication/cydia-e8cdd2f-2.patch
@@ -0,0 +1,18 @@
+From e8cdd2f3ff4db37fd61db93081f6b2800df71f9b Mon Sep 17 00:00:00 2001
+From: Alden <aldencommando@icloud.com>
+Date: Sat, 16 Mar 2019 20:01:51 -0400
+Subject: [PATCH] cydia
+
+---
+ extra_recipe+yaluX beta4.ipa | 0
+ 1 file changed, 0 insertions(+), 0 deletions(-)
+ create mode 100644 extra_recipe+yaluX beta4.ipa
+
+diff --git a/extra_recipe+yaluX beta4.ipa b/extra_recipe+yaluX beta4.ipa
+new file mode 100644
+index 0000000..e69de29
+--- /dev/null
++++ b/extra_recipe+yaluX beta4.ipa
+--
+Working Copy 3.7.1
+
diff --git a/InterAppCommunication/text-2.txt b/InterAppCommunication/text-2.txt
new file mode 100644
index 0000000000000000000000000000000000000000..ed785a060adf3f2ac9a805d903845c4d69b7f071
GIT binary patch
literal 193
zc$`Zr$jK}&F)+Bo$i&RT%ErkRp;DGwRGgWg7on1$l$DxXQXHw0Sd^TR2^0=dDakJo
zVqk1ru!x-_R3)!8CnsLOG`TV*Gm(ocJ+s6Ch%-u)^pf*)tx7Ty%M$Z4b8-^X^NT=~
zeo1<|LaIe_N{Ue$7gxLhzhAI-YGrDQBh>JV+&m#g`S~Rcj2wbe%DP78Rt^<iy^|Qg
OfRPbGGw?E?f++xH*){+G

literal 0
Hc$@<O00001

--
Working Copy 3.7.1